c:\users\eveiga\documents\visual studio 2017\Projects\MinhasFinancas\MinhasFinancas\src\app\app.component.js
c:\users\eveiga\documents\visual studio 2017\Projects\MinhasFinancas\MinhasFinancas\src\app\app.component.js.map
c:\users\eveiga\documents\visual studio 2017\Projects\MinhasFinancas\MinhasFinancas\src\app\app.component.spec.js
c:\users\eveiga\documents\visual studio 2017\Projects\MinhasFinancas\MinhasFinancas\src\app\app.component.spec.js.map
c:\users\eveiga\documents\visual studio 2017\Projects\MinhasFinancas\MinhasFinancas\src\app\app.module.js
c:\users\eveiga\documents\visual studio 2017\Projects\MinhasFinancas\MinhasFinancas\src\app\app.module.js.map
c:\users\eveiga\documents\visual studio 2017\Projects\MinhasFinancas\MinhasFinancas\src\app\app.component.js
c:\users\eveiga\documents\visual studio 2017\Projects\MinhasFinancas\MinhasFinancas\src\app\app.component.js.map
c:\users\eveiga\documents\visual studio 2017\Projects\MinhasFinancas\MinhasFinancas\src\app\app.component.spec.js
c:\users\eveiga\documents\visual studio 2017\Projects\MinhasFinancas\MinhasFinancas\src\app\app.component.spec.js.map
c:\users\eveiga\documents\visual studio 2017\Projects\MinhasFinancas\MinhasFinancas\src\app\app.module.js
c:\users\eveiga\documents\visual studio 2017\Projects\MinhasFinancas\MinhasFinancas\src\app\app.module.js.map
c:\users\eveiga\documents\visual studio 2017\Projects\MinhasFinancas\MinhasFinancas\src\app\app.component.js
c:\users\eveiga\documents\visual studio 2017\Projects\MinhasFinancas\MinhasFinancas\src\app\app.component.js.map
c:\users\eveiga\documents\visual studio 2017\Projects\MinhasFinancas\MinhasFinancas\src\app\app.module.js
c:\users\eveiga\documents\visual studio 2017\Projects\MinhasFinancas\MinhasFinancas\src\app\app.module.js.map
c:\users\eveiga\documents\visual studio 2017\Projects\MinhasFinancas\MinhasFinancas\src\main.js
c:\users\eveiga\documents\visual studio 2017\Projects\MinhasFinancas\MinhasFinancas\src\main.js.map
c:\users\eveiga\documents\visual studio 2017\Projects\MinhasFinancas\MinhasFinancas\src\app\app.component.spec.js
c:\users\eveiga\documents\visual studio 2017\Projects\MinhasFinancas\MinhasFinancas\src\app\app.component.spec.js.map
c:\users\eveiga\documents\visual studio 2017\Projects\MinhasFinancas\MinhasFinancas\src\app\app.component.js
c:\users\eveiga\documents\visual studio 2017\Projects\MinhasFinancas\MinhasFinancas\src\app\app.component.js.map
c:\users\eveiga\documents\visual studio 2017\Projects\MinhasFinancas\MinhasFinancas\src\app\app.module.js
c:\users\eveiga\documents\visual studio 2017\Projects\MinhasFinancas\MinhasFinancas\src\app\app.module.js.map
c:\users\eveiga\documents\visual studio 2017\Projects\MinhasFinancas\MinhasFinancas\src\main.js
c:\users\eveiga\documents\visual studio 2017\Projects\MinhasFinancas\MinhasFinancas\src\main.js.map
c:\users\eveiga\documents\visual studio 2017\Projects\MinhasFinancas\MinhasFinancas\src\app\app.component.js
c:\users\eveiga\documents\visual studio 2017\Projects\MinhasFinancas\MinhasFinancas\src\app\app.component.js.map
c:\users\eveiga\documents\visual studio 2017\Projects\MinhasFinancas\MinhasFinancas\src\app\app.module.js
c:\users\eveiga\documents\visual studio 2017\Projects\MinhasFinancas\MinhasFinancas\src\app\app.module.js.map
c:\users\eveiga\documents\visual studio 2017\Projects\MinhasFinancas\MinhasFinancas\src\main.js
c:\users\eveiga\documents\visual studio 2017\Projects\MinhasFinancas\MinhasFinancas\src\main.js.map
c:\users\eveiga\documents\visual studio 2017\Projects\MinhasFinancas\MinhasFinancas\src\app\app.component.js
c:\users\eveiga\documents\visual studio 2017\Projects\MinhasFinancas\MinhasFinancas\src\app\app.component.js.map
c:\users\eveiga\documents\visual studio 2017\Projects\MinhasFinancas\MinhasFinancas\src\app\app.module.js
c:\users\eveiga\documents\visual studio 2017\Projects\MinhasFinancas\MinhasFinancas\src\app\app.module.js.map
c:\users\eveiga\documents\visual studio 2017\Projects\MinhasFinancas\MinhasFinancas\src\main.js
c:\users\eveiga\documents\visual studio 2017\Projects\MinhasFinancas\MinhasFinancas\src\main.js.map
c:\users\eveiga\documents\visual studio 2017\Projects\MinhasFinancas\MinhasFinancas\src\app\app.component.js
c:\users\eveiga\documents\visual studio 2017\Projects\MinhasFinancas\MinhasFinancas\src\app\app.component.js.map
c:\users\eveiga\documents\visual studio 2017\Projects\MinhasFinancas\MinhasFinancas\src\app\app.module.js
c:\users\eveiga\documents\visual studio 2017\Projects\MinhasFinancas\MinhasFinancas\src\app\app.module.js.map
c:\users\eveiga\documents\visual studio 2017\Projects\MinhasFinancas\MinhasFinancas\src\main.js
c:\users\eveiga\documents\visual studio 2017\Projects\MinhasFinancas\MinhasFinancas\src\main.js.map
c:\users\eveiga\documents\visual studio 2017\Projects\MinhasFinancas\MinhasFinancas\src\main.js
c:\users\eveiga\documents\visual studio 2017\Projects\MinhasFinancas\MinhasFinancas\src\main.js.map
c:\users\eveiga\documents\visual studio 2017\Projects\MinhasFinancas\MinhasFinancas\src\app\app.component.js
c:\users\eveiga\documents\visual studio 2017\Projects\MinhasFinancas\MinhasFinancas\src\app\app.component.js.map
c:\users\eveiga\documents\visual studio 2017\Projects\MinhasFinancas\MinhasFinancas\src\app\app.module.js
c:\users\eveiga\documents\visual studio 2017\Projects\MinhasFinancas\MinhasFinancas\src\app\app.module.js.map
c:\users\eveiga\documents\visual studio 2017\Projects\MinhasFinancas\MinhasFinancas\src\main.js
c:\users\eveiga\documents\visual studio 2017\Projects\MinhasFinancas\MinhasFinancas\src\main.js.map
c:\users\eveiga\documents\visual studio 2017\Projects\MinhasFinancas\MinhasFinancas\src\app\app.component.js
c:\users\eveiga\documents\visual studio 2017\Projects\MinhasFinancas\MinhasFinancas\src\app\app.component.js.map
c:\users\eveiga\documents\visual studio 2017\Projects\MinhasFinancas\MinhasFinancas\src\app\app.module.js
c:\users\eveiga\documents\visual studio 2017\Projects\MinhasFinancas\MinhasFinancas\src\app\app.module.js.map
c:\users\eveiga\documents\visual studio 2017\Projects\MinhasFinancas\MinhasFinancas\src\app\app.component.js
c:\users\eveiga\documents\visual studio 2017\Projects\MinhasFinancas\MinhasFinancas\src\app\app.component.js.map
c:\users\eveiga\documents\visual studio 2017\Projects\MinhasFinancas\MinhasFinancas\src\app\app.module.js
c:\users\eveiga\documents\visual studio 2017\Projects\MinhasFinancas\MinhasFinancas\src\app\app.module.js.map
c:\users\eveiga\documents\visual studio 2017\Projects\MinhasFinancas\MinhasFinancas\src\main.js
c:\users\eveiga\documents\visual studio 2017\Projects\MinhasFinancas\MinhasFinancas\src\main.js.map
c:\users\eveiga\documents\visual studio 2017\Projects\MinhasFinancas\MinhasFinancas\src\app\app.component.js
c:\users\eveiga\documents\visual studio 2017\Projects\MinhasFinancas\MinhasFinancas\src\app\app.component.js.map
c:\users\eveiga\documents\visual studio 2017\Projects\MinhasFinancas\MinhasFinancas\src\app\app.module.js
c:\users\eveiga\documents\visual studio 2017\Projects\MinhasFinancas\MinhasFinancas\src\app\app.module.js.map
c:\users\eveiga\documents\visual studio 2017\Projects\MinhasFinancas\MinhasFinancas\src\main.js
c:\users\eveiga\documents\visual studio 2017\Projects\MinhasFinancas\MinhasFinancas\src\main.js.map
c:\users\eveiga\documents\visual studio 2017\Projects\MinhasFinancas\MinhasFinancas\src\app\app.component.js
c:\users\eveiga\documents\visual studio 2017\Projects\MinhasFinancas\MinhasFinancas\src\app\app.component.js.map
c:\users\eveiga\documents\visual studio 2017\Projects\MinhasFinancas\MinhasFinancas\src\app\app.module.js
c:\users\eveiga\documents\visual studio 2017\Projects\MinhasFinancas\MinhasFinancas\src\app\app.module.js.map
c:\users\eveiga\documents\visual studio 2017\Projects\MinhasFinancas\MinhasFinancas\src\main.js
c:\users\eveiga\documents\visual studio 2017\Projects\MinhasFinancas\MinhasFinancas\src\main.js.map
c:\users\eveiga\documents\visual studio 2017\Projects\MinhasFinancas\MinhasFinancas\src\app\app.component.js
c:\users\eveiga\documents\visual studio 2017\Projects\MinhasFinancas\MinhasFinancas\src\app\app.component.js.map
c:\users\eveiga\documents\visual studio 2017\Projects\MinhasFinancas\MinhasFinancas\src\app\app.module.js
c:\users\eveiga\documents\visual studio 2017\Projects\MinhasFinancas\MinhasFinancas\src\app\app.module.js.map
c:\users\eveiga\documents\visual studio 2017\Projects\MinhasFinancas\MinhasFinancas\src\main.js
c:\users\eveiga\documents\visual studio 2017\Projects\MinhasFinancas\MinhasFinancas\src\main.js.map
c:\users\eveiga\documents\visual studio 2017\Projects\MinhasFinancas\MinhasFinancas\src\app\app.component.js
c:\users\eveiga\documents\visual studio 2017\Projects\MinhasFinancas\MinhasFinancas\src\app\app.component.js.map
c:\users\eveiga\documents\visual studio 2017\Projects\MinhasFinancas\MinhasFinancas\src\app\app.module.js
c:\users\eveiga\documents\visual studio 2017\Projects\MinhasFinancas\MinhasFinancas\src\app\app.module.js.map
c:\users\eveiga\documents\visual studio 2017\Projects\MinhasFinancas\MinhasFinancas\src\main.js
c:\users\eveiga\documents\visual studio 2017\Projects\MinhasFinancas\MinhasFinancas\src\main.js.map
c:\users\eveiga\documents\visual studio 2017\Projects\MinhasFinancas\MinhasFinancas\src\app\app.component.js
c:\users\eveiga\documents\visual studio 2017\Projects\MinhasFinancas\MinhasFinancas\src\app\app.component.js.map
c:\users\eveiga\documents\visual studio 2017\Projects\MinhasFinancas\MinhasFinancas\src\app\app.module.js
c:\users\eveiga\documents\visual studio 2017\Projects\MinhasFinancas\MinhasFinancas\src\app\app.module.js.map
c:\users\eveiga\documents\visual studio 2017\Projects\MinhasFinancas\MinhasFinancas\src\main.js
c:\users\eveiga\documents\visual studio 2017\Projects\MinhasFinancas\MinhasFinancas\src\main.js.map
c:\users\eveiga\documents\visual studio 2017\Projects\MinhasFinancas\MinhasFinancas\src\app\app.component.js
c:\users\eveiga\documents\visual studio 2017\Projects\MinhasFinancas\MinhasFinancas\src\app\app.component.js.map
c:\users\eveiga\documents\visual studio 2017\Projects\MinhasFinancas\MinhasFinancas\src\app\app.module.js
c:\users\eveiga\documents\visual studio 2017\Projects\MinhasFinancas\MinhasFinancas\src\app\app.module.js.map
c:\users\eveiga\documents\visual studio 2017\Projects\MinhasFinancas\MinhasFinancas\src\main.js
c:\users\eveiga\documents\visual studio 2017\Projects\MinhasFinancas\MinhasFinancas\src\main.js.map
